{"C:\\note_source\\Jest\\src\\get.ts": {"path":"C:\\note_source\\Jest\\src\\get.ts","statementMap":{"0":{"start":{"line":9,"column":17},"end":{"line":12,"column":3}},"1":{"start":{"line":10,"column":19},"end":{"line":10,"column":59}},"2":{"start":{"line":14,"column":2},"end":{"line":14,"column":54}}},"fnMap":{"0":{"name":"get","decl":{"start":{"line":4,"column":16},"end":{"line":4,"column":19}},"loc":{"start":{"line":8,"column":5},"end":{"line":15,"column":1}},"line":8},"1":{"name":"(anonymous_1)","decl":{"start":{"line":10,"column":4},"end":{"line":10,"column":5}},"loc":{"start":{"line":10,"column":19},"end":{"line":10,"column":59}},"line":10}},"branchMap":{"0":{"loc":{"start":{"line":10,"column":19},"end":{"line":10,"column":59}},"type":"cond-expr","locations":[{"start":{"line":10,"column":39},"end":{"line":10,"column":47}},{"start":{"line":10,"column":50},"end":{"line":10,"column":59}}],"line":10},"1":{"loc":{"start":{"line":14,"column":9},"end":{"line":14,"column":53}},"type":"cond-expr","locations":[{"start":{"line":14,"column":32},"end":{"line":14,"column":38}},{"start":{"line":14,"column":41},"end":{"line":14,"column":53}}],"line":14}},"s":{"0":1,"1":3,"2":1},"f":{"0":1,"1":3},"b":{"0":[3,0],"1":[1,0]},"_coverageSchema":"1a1c01bbd47fc00a2c39e90264f33305004495a9","hash":"beda353577e27b0e61fa36f00e65423d6103b5bf"}
,"C:\\note_source\\Jest\\src\\sum.ts": {"path":"C:\\note_source\\Jest\\src\\sum.ts","statementMap":{"0":{"start":{"line":2,"column":2},"end":{"line":2,"column":19}}},"fnMap":{"0":{"name":"sum","decl":{"start":{"line":1,"column":16},"end":{"line":1,"column":19}},"loc":{"start":{"line":1,"column":42},"end":{"line":3,"column":1}},"line":1}},"branchMap":{},"s":{"0":2},"f":{"0":2},"b":{},"_coverageSchema":"1a1c01bbd47fc00a2c39e90264f33305004495a9","hash":"cc0166be44b4296a0df46d6e2d738d6c27d7b622"}
,"C:\\note_source\\Jest\\src\\utils\\fetchEnv.ts": {"path":"C:\\note_source\\Jest\\src\\utils\\fetchEnv.ts","statementMap":{"0":{"start":{"line":17,"column":15},"end":{"line":17,"column":58}},"1":{"start":{"line":19,"column":2},"end":{"line":19,"column":64}},"2":{"start":{"line":19,"column":28},"end":{"line":19,"column":45}}},"fnMap":{"0":{"name":"fetchEnv","decl":{"start":{"line":16,"column":16},"end":{"line":16,"column":24}},"loc":{"start":{"line":16,"column":48},"end":{"line":20,"column":1}},"line":16},"1":{"name":"(anonymous_1)","decl":{"start":{"line":19,"column":19},"end":{"line":19,"column":20}},"loc":{"start":{"line":19,"column":28},"end":{"line":19,"column":45}},"line":19}},"branchMap":{"0":{"loc":{"start":{"line":19,"column":9},"end":{"line":19,"column":63}},"type":"binary-expr","locations":[{"start":{"line":19,"column":9},"end":{"line":19,"column":46}},{"start":{"line":19,"column":50},"end":{"line":19,"column":63}}],"line":19}},"s":{"0":5,"1":5,"2":12},"f":{"0":5,"1":12},"b":{"0":[5,2]},"_coverageSchema":"1a1c01bbd47fc00a2c39e90264f33305004495a9","hash":"af9f55c617c8782838d8887c5a113f949a0e8329"}
,"C:\\note_source\\Jest\\src\\utils\\getIntArray.js": {"path":"C:\\note_source\\Jest\\src\\utils\\getIntArray.js","statementMap":{"0":{"start":{"line":1,"column":27},"end":{"line":7,"column":1}},"1":{"start":{"line":2,"column":2},"end":{"line":4,"column":3}},"2":{"start":{"line":3,"column":4},"end":{"line":3,"column":43}},"3":{"start":{"line":6,"column":2},"end":{"line":6,"column":36}}},"fnMap":{"0":{"name":"(anonymous_0)","decl":{"start":{"line":1,"column":27},"end":{"line":1,"column":28}},"loc":{"start":{"line":1,"column":36},"end":{"line":7,"column":1}},"line":1}},"branchMap":{"0":{"loc":{"start":{"line":2,"column":2},"end":{"line":4,"column":3}},"type":"if","locations":[{"start":{"line":2,"column":2},"end":{"line":4,"column":3}},{"start":{},"end":{}}],"line":2}},"s":{"0":1,"1":2,"2":1,"3":1},"f":{"0":2},"b":{"0":[1,1]},"_coverageSchema":"1a1c01bbd47fc00a2c39e90264f33305004495a9","hash":"c99f3b7089c4f5d96c43bec17be7d7ad675d716d"}
}
