TN:
SF:src\get.ts
FN:4,get
FN:10,(anonymous_1)
FNF:2
FNH:2
FNDA:1,get
FNDA:3,(anonymous_1)
DA:9,1
DA:10,3
DA:14,1
LF:3
LH:3
BRDA:10,0,0,3
BRDA:10,0,1,0
BRDA:14,1,0,1
BRDA:14,1,1,0
BRF:4
BRH:2
end_of_record
TN:
SF:src\sum.ts
FN:1,sum
FNF:1
FNH:1
FNDA:2,sum
DA:2,2
LF:1
LH:1
BRF:0
BRH:0
end_of_record
TN:
SF:src\utils\fetchEnv.ts
FN:16,fetchEnv
FN:19,(anonymous_1)
FNF:2
FNH:2
FNDA:5,fetchEnv
FNDA:12,(anonymous_1)
DA:17,5
DA:19,12
LF:2
LH:2
BRDA:19,0,0,5
BRDA:19,0,1,2
BRF:2
BRH:2
end_of_record
TN:
SF:src\utils\getIntArray.js
FN:1,(anonymous_0)
FNF:1
FNH:1
FNDA:2,(anonymous_0)
DA:1,1
DA:2,2
DA:3,1
DA:6,1
LF:4
LH:4
BRDA:2,0,0,1
BRDA:2,0,1,1
BRF:2
BRH:2
end_of_record
